{
  "RSpec": {
    "coverage": {
      "/Users/apprentice/Dropbox/DBC-Chicago/Fireflies/Scott/phase_3/light_it_up/spec/support/user_helper.rb": [
        1,
        null,
        1,
        10,
        10,
        null,
        10,
        10,
        10,
        null,
        null,
        1,
        0,
        0,
        0,
        0,
        null,
        null,
        null,
        null,
        null,
        null,
        null
      ],
      "/Users/apprentice/Dropbox/DBC-Chicago/Fireflies/Scott/phase_3/light_it_up/app/controllers/elements_controller.rb": [
        1,
        null,
        1,
        0,
        null,
        null,
        1,
        0,
        null,
        null,
        null,
        1,
        0,
        null,
        null,
        1,
        null,
        null,
        null,
        1,
        null,
        null,
        null,
        1,
        null,
        null,
        null,
        1,
        null,
        null,
        null,
        null,
        1,
        null,
        1,
        0,
        null,
        null,
        null
      ],
      "/Users/apprentice/Dropbox/DBC-Chicago/Fireflies/Scott/phase_3/light_it_up/app/controllers/application_controller.rb": [
        1,
        null,
        null,
        1,
        null,
        1,
        null,
        1,
        134,
        null,
        null,
        1,
        null,
        1,
        null,
        50,
        null,
        null,
        null,
        null,
        null,
        null,
        null,
        null
      ],
      "/Users/apprentice/Dropbox/DBC-Chicago/Fireflies/Scott/phase_3/light_it_up/spec/controllers/sessions_controller_spec.rb": [
        1,
        null,
        1,
        null,
        1,
        null,
        1,
        3,
        null,
        null,
        1,
        1,
        1,
        null,
        null,
        1,
        1,
        1,
        null,
        null,
        1,
        1,
        1,
        null,
        null,
        null,
        null,
        1,
        null,
        1,
        1,
        null,
        null,
        1,
        1,
        1,
        null,
        null,
        null,
        null,
        null
      ],
      "/Users/apprentice/Dropbox/DBC-Chicago/Fireflies/Scott/phase_3/light_it_up/app/controllers/sessions_controller.rb": [
        1,
        null,
        null,
        1,
        null,
        null,
        1,
        null,
        13,
        13,
        12,
        12,
        null,
        1,
        1,
        null,
        null,
        null,
        null,
        1,
        2,
        2,
        2,
        null,
        null,
        null
      ],
      "/Users/apprentice/Dropbox/DBC-Chicago/Fireflies/Scott/phase_3/light_it_up/spec/controllers/slide_controller_spec.rb": [
        1,
        null,
        1,
        null,
        null
      ],
      "/Users/apprentice/Dropbox/DBC-Chicago/Fireflies/Scott/phase_3/light_it_up/app/controllers/slide_controller.rb": [
        1,
        null
      ],
      "/Users/apprentice/Dropbox/DBC-Chicago/Fireflies/Scott/phase_3/light_it_up/spec/controllers/slides_controller_spec.rb": [
        1,
        null,
        1,
        null,
        1,
        8,
        8,
        null,
        null,
        8,
        160,
        null,
        null,
        8,
        null,
        null,
        1,
        1,
        1,
        1,
        null,
        null,
        null,
        1,
        null,
        1,
        1,
        null,
        null,
        1,
        null,
        1,
        null,
        null,
        null,
        1,
        1,
        1,
        1,
        null,
        null,
        null,
        1,
        null,
        1,
        3,
        null,
        null,
        1,
        1,
        null,
        null,
        1,
        1,
        null,
        null,
        1,
        1,
        null,
        null,
        null,
        null,
        1,
        null,
        1,
        1,
        null,
        1,
        null,
        null,
        null,
        1,
        1,
        1,
        null,
        0,
        null,
        null,
        null,
        null,
        null,
        null,
        null,
        null,
        null,
        null,
        null
      ],
      "/Users/apprentice/Dropbox/DBC-Chicago/Fireflies/Scott/phase_3/light_it_up/app/controllers/slides_controller.rb": [
        1,
        null,
        1,
        1,
        null,
        null,
        1,
        0,
        0,
        0,
        0,
        null,
        0,
        null,
        null,
        null,
        1,
        3,
        null,
        null,
        1,
        1,
        null,
        1,
        null,
        null,
        null,
        1,
        1,
        1,
        0,
        null,
        1,
        null,
        null,
        null,
        1,
        1,
        1,
        1,
        1,
        0,
        null,
        null,
        1,
        0,
        0,
        0,
        0,
        null,
        0,
        null,
        null,
        1,
        null,
        1,
        0,
        null,
        null,
        null,
        1,
        1,
        null,
        null
      ],
      "/Users/apprentice/Dropbox/DBC-Chicago/Fireflies/Scott/phase_3/light_it_up/spec/controllers/slideshows_controller_spec.rb": [
        1,
        null,
        1,
        null,
        1,
        null,
        14,
        14,
        null,
        14,
        140,
        null,
        null,
        null,
        null,
        1,
        null,
        1,
        1,
        1,
        null,
        null,
        null,
        null,
        1,
        null,
        1,
        4,
        null,
        null,
        1,
        1,
        null,
        null,
        1,
        1,
        null,
        null,
        1,
        1,
        null,
        null,
        1,
        1,
        null,
        null,
        null,
        null,
        null,
        1,
        null,
        1,
        1,
        1,
        null,
        null,
        null,
        null,
        1,
        null,
        1,
        2,
        2,
        null,
        null,
        1,
        null,
        1,
        null,
        null,
        1,
        null,
        1,
        null,
        null,
        null,
        null,
        1,
        null,
        1,
        1,
        1,
        null,
        null,
        1,
        1,
        1,
        1,
        null,
        null,
        1,
        1,
        1,
        1,
        null,
        null,
        null,
        null,
        1,
        null,
        1,
        1,
        1,
        1,
        null,
        null,
        1,
        1,
        1,
        1,
        null,
        null,
        1,
        1,
        1,
        1,
        null,
        null,
        null,
        null,
        null,
        null,
        null,
        null
      ],
      "/Users/apprentice/Dropbox/DBC-Chicago/Fireflies/Scott/phase_3/light_it_up/app/controllers/slideshows_controller.rb": [
        1,
        null,
        1,
        1,
        null,
        null,
        1,
        0,
        0,
        0,
        0,
        null,
        0,
        null,
        null,
        null,
        1,
        5,
        null,
        null,
        1,
        1,
        1,
        1,
        null,
        0,
        null,
        null,
        null,
        1,
        6,
        6,
        3,
        null,
        3,
        null,
        null,
        null,
        1,
        3,
        3,
        2,
        2,
        null,
        1,
        1,
        null,
        null,
        null,
        1,
        null,
        null,
        1,
        null,
        1,
        0,
        null,
        null,
        1,
        2,
        null,
        null,
        null
      ],
      "/Users/apprentice/Dropbox/DBC-Chicago/Fireflies/Scott/phase_3/light_it_up/spec/controllers/users_controller_spec.rb": [
        1,
        1,
        null,
        1,
        11,
        null,
        11,
        null,
        null,
        null,
        1,
        null,
        1,
        1,
        null,
        null,
        1,
        2,
        null,
        null,
        1,
        null,
        null,
        1,
        2,
        null,
        null,
        1,
        null,
        null,
        1,
        2,
        null,
        null,
        1,
        1,
        null,
        null,
        1,
        2,
        null,
        null,
        1,
        1,
        null,
        null,
        1,
        2,
        null,
        null,
        1,
        1,
        null,
        null,
        1,
        1,
        null,
        1,
        null,
        null,
        1,
        1,
        null,
        1,
        null,
        null,
        null,
        null,
        1,
        1,
        null,
        1,
        null,
        null,
        null,
        1,
        null,
        1,
        1,
        null,
        1,
        null,
        null,
        null,
        1,
        null,
        1,
        1,
        null,
        1,
        null,
        null,
        null,
        null
      ],
      "/Users/apprentice/Dropbox/DBC-Chicago/Fireflies/Scott/phase_3/light_it_up/app/controllers/users_controller.rb": [
        1,
        null,
        1,
        null,
        1,
        5,
        5,
        2,
        2,
        null,
        3,
        null,
        null,
        null,
        1,
        null,
        null,
        null,
        1,
        2,
        2,
        1,
        1,
        null,
        2,
        null,
        null,
        null,
        1,
        2,
        2,
        null,
        null,
        1,
        4,
        4,
        null,
        null,
        1,
        19,
        19,
        19,
        0,
        0,
        null,
        19,
        19,
        null,
        0,
        0,
        null,
        null,
        null,
        1,
        null,
        1,
        5,
        null,
        null,
        1,
        2,
        null,
        null,
        null
      ],
      "/Users/apprentice/Dropbox/DBC-Chicago/Fireflies/Scott/phase_3/light_it_up/spec/features/edit_user_page_spec.rb": [
        1,
        1,
        null,
        null,
        null,
        1,
        null,
        1,
        3,
        null,
        null,
        1,
        1,
        1,
        null,
        null,
        1,
        1,
        1,
        null,
        null,
        1,
        1,
        1,
        1,
        1,
        null,
        null,
        null,
        null,
        null,
        null
      ],
      "/Users/apprentice/Dropbox/DBC-Chicago/Fireflies/Scott/phase_3/light_it_up/spec/features/users_spec.rb": [
        1,
        1,
        null,
        1,
        null,
        1,
        7,
        null,
        null,
        1,
        1,
        1,
        null,
        null,
        1,
        1,
        null,
        6,
        6,
        6,
        6,
        6,
        null,
        null,
        1,
        1,
        1,
        null,
        null,
        1,
        1,
        1,
        null,
        null,
        1,
        1,
        1,
        null,
        null,
        1,
        1,
        1,
        null,
        null,
        1,
        1,
        1,
        null,
        null,
        1,
        1,
        1,
        null,
        null,
        null,
        null,
        null,
        null,
        null
      ],
      "/Users/apprentice/Dropbox/DBC-Chicago/Fireflies/Scott/phase_3/light_it_up/app/models/user.rb": [
        1,
        null,
        1,
        1,
        1,
        null,
        1,
        1,
        null,
        1,
        1,
        1,
        null,
        null
      ],
      "/Users/apprentice/Dropbox/DBC-Chicago/Fireflies/Scott/phase_3/light_it_up/app/controllers/welcome_controller.rb": [
        1,
        1,
        null,
        null,
        null,
        null
      ],
      "/Users/apprentice/Dropbox/DBC-Chicago/Fireflies/Scott/phase_3/light_it_up/app/models/slideshow.rb": [
        1,
        null,
        1,
        1,
        null,
        1,
        1,
        1,
        null,
        null
      ],
      "/Users/apprentice/Dropbox/DBC-Chicago/Fireflies/Scott/phase_3/light_it_up/app/models/slide.rb": [
        1,
        null,
        1,
        1,
        1,
        1,
        null,
        1,
        1,
        1,
        null,
        null
      ],
      "/Users/apprentice/Dropbox/DBC-Chicago/Fireflies/Scott/phase_3/light_it_up/app/models/element.rb": [
        1,
        null,
        1,
        1,
        1,
        null,
        1,
        1,
        null,
        null
      ]
    },
    "timestamp": 1381523515
  }
}
